<?xml version="1.0" encoding="UTF-8"?>
<!-- Generated by org.testng.reporters.JUnitXMLReporter -->
<testsuite ignored="0" hostname="IN-PG0352C7" failures="0" tests="5" name="Test" time="4.688" errors="0" timestamp="2024-04-17T21:31:48 IST">
  <testcase classname="tests.PUT_UpdateDetailsOfCard" name="UpdateTheCard" time="1.78"/>
  <testcase classname="tests.DELETE_DelateTheCard" name="DeleteTheCard" time="0.846"/>
  <testcase classname="tests.GET_CardDetails" name="GetCardDetails" time="0.444"/>
  <testcase classname="tests.GET_ListsOfCard" name="GetCardDetails" time="0.428"/>
  <testcase classname="tests.Post_CreateNewCard" name="CreateNewCard" time="0.528"/>
</testsuite> <!-- Test -->
